<?xml version="1.0" encoding="UTF-8"?>
<!-- Generated by org.testng.reporters.JUnitXMLReporter -->
<testsuite ignored="0" hostname="DESKTOP-2HTDNFM" failures="2" tests="10" name="Command line test" time="36.112" errors="0" timestamp="2021-04-17T23:23:01 IST">
  <testcase classname="Framework.E2ETesting.CheckTest" name="c1" time="0.011"/>
  <testcase classname="Framework.E2ETesting.CheckTest" name="c2" time="0.0"/>
  <testcase classname="Framework.E2ETesting.CheckTest" name="c3" time="0.001"/>
  <testcase classname="Framework.E2ETesting.DummyTest" name="m1" time="0.0"/>
  <testcase classname="Framework.E2ETesting.DummyTest" name="m2" time="0.002"/>
  <testcase classname="Framework.E2ETesting.DummyTest" name="m3" time="0.0"/>
  <testcase classname="Framework.E2ETesting.DummyTest" name="m4" time="0.0"/>
  <testcase classname="Framework.E2ETesting.WorkingTest" name="callBrowser" time="28.89"/>
  <testcase classname="Framework.E2ETesting.WorkingTest" name="signIN" time="0.0">
    <failure type="org.testng.TestNGException" message="
Parameter &amp;apos;useremail&amp;apos; is required by @Test on method signIN but has not been marked @Optional or defined
">
      <![CDATA[org.testng.TestNGException: 
Parameter 'useremail' is required by @Test on method signIN but has not been marked @Optional or defined

at java.base/java.util.ArrayList.forEach(ArrayList.java:1511)
... Removed 36 stack frames]]>
    </failure>
  </testcase> <!-- signIN -->
  <testcase classname="Framework.E2ETesting.WorkingTest" name="dealChocolate" time="7.123">
    <failure type="java.lang.AssertionError" message="expected [true] but found [false]">
      <![CDATA[java.lang.AssertionError: expected [true] but found [false]
at Framework.E2ETesting.WorkingTest.dealChocolate(WorkingTest.java:92)
at java.base/java.util.ArrayList.forEach(ArrayList.java:1511)
... Removed 41 stack frames]]>
    </failure>
  </testcase> <!-- dealChocolate -->
</testsuite> <!-- Command line test -->
