<html>
<head>
<title>TestNG:  Command line test</title>
<link href="../testng.css" rel="stylesheet" type="text/css" />
<link href="../my-testng.css" rel="stylesheet" type="text/css" />

<style type="text/css">
.log { display: none;} 
.stack-trace { display: none;} 
</style>
<script type="text/javascript">
<!--
function flip(e) {
  current = e.style.display;
  if (current == 'block') {
    e.style.display = 'none';
    return 0;
  }
  else {
    e.style.display = 'block';
    return 1;
  }
}

function toggleBox(szDivId, elem, msg1, msg2)
{
  var res = -1;  if (document.getElementById) {
    res = flip(document.getElementById(szDivId));
  }
  else if (document.all) {
    // this is the way old msie versions work
    res = flip(document.all[szDivId]);
  }
  if(elem) {
    if(res == 0) elem.innerHTML = msg1; else elem.innerHTML = msg2;
  }

}

function toggleAllBoxes() {
  if (document.getElementsByTagName) {
    d = document.getElementsByTagName('div');
    for (i = 0; i < d.length; i++) {
      if (d[i].className == 'log') {
        flip(d[i]);
      }
    }
  }
}

// -->
</script>

</head>
<body>
<h2 align='center'>Command line test</h2><table border='1' align="center">
<tr>
<td>Tests passed/Failed/Skipped:</td><td>14/2/0</td>
</tr><tr>
<td>Started on:</td><td>Tue Apr 20 19:12:46 IST 2021</td>
</tr>
<tr><td>Total time:</td><td>10 seconds (10736 ms)</td>
</tr><tr>
<td>Included groups:</td><td></td>
</tr><tr>
<td>Excluded groups:</td><td></td>
</tr>
</table><p/>
<small><i>(Hover the method name to see the test class name)</i></small><p/>
<table width='100%' border='1' class='invocation-failed'>
<tr><td colspan='4' align='center'><b>FAILED TESTS</b></td></tr>
<tr><td><b>Test method</b></td>
<td width="30%"><b>Exception</b></td>
<td width="10%"><b>Time (seconds)</b></td>
<td><b>Instance</b></td>
</tr>
<tr>
<td title='Framework.E2ETesting.WorkingTest.signIN()'><b>signIN</b><br>Test class: Framework.E2ETesting.WorkingTest</td>
<td><div><pre>org.testng.TestNGException: 
Parameter &apos;useremail&apos; is required by @Test on method signIN but has not been marked @Optional or defined

	at java.base/java.util.ArrayList.forEach(ArrayList.java:1511)
... Removed 36 stack frames</pre></div><a href='#' onClick='toggleBox("stack-trace1046820071", this, "Click to show all stack frames", "Click to hide stack frames")'>Click to show all stack frames</a>
<div class='stack-trace' id='stack-trace1046820071'><pre>org.testng.TestNGException: 
Parameter &apos;useremail&apos; is required by @Test on method signIN but has not been marked @Optional or defined

	at org.testng.internal.Parameters.createParams(Parameters.java:270)
	at org.testng.internal.Parameters.createParametersForMethod(Parameters.java:358)
	at org.testng.internal.Parameters.createParameters(Parameters.java:700)
	at org.testng.internal.Parameters.handleParameters(Parameters.java:884)
	at org.testng.internal.Parameters.handleParameters(Parameters.java:740)
	at org.testng.internal.ParameterHandler.handleParameters(ParameterHandler.java:59)
	at org.testng.internal.ParameterHandler.createParameters(ParameterHandler.java:38)
	at org.testng.internal.TestInvoker$MethodInvocationAgent.invoke(TestInvoker.java:791)
	at org.testng.internal.TestInvoker.invokeTestMethods(TestInvoker.java:146)
	at org.testng.internal.TestMethodWorker.invokeTestMethods(TestMethodWorker.java:146)
	at org.testng.internal.TestMethodWorker.run(TestMethodWorker.java:128)
	at java.base/java.util.ArrayList.forEach(ArrayList.java:1511)
	at org.testng.TestRunner.privateRun(TestRunner.java:794)
	at org.testng.TestRunner.run(TestRunner.java:596)
	at org.testng.SuiteRunner.runTest(SuiteRunner.java:377)
	at org.testng.SuiteRunner.runSequentially(SuiteRunner.java:371)
	at org.testng.SuiteRunner.privateRun(SuiteRunner.java:332)
	at org.testng.SuiteRunner.run(SuiteRunner.java:276)
	at org.testng.SuiteRunnerWorker.runSuite(SuiteRunnerWorker.java:53)
	at org.testng.SuiteRunnerWorker.run(SuiteRunnerWorker.java:96)
	at org.testng.TestNG.runSuitesSequentially(TestNG.java:1212)
	at org.testng.TestNG.runSuitesLocally(TestNG.java:1134)
	at org.testng.TestNG.runSuites(TestNG.java:1063)
	at org.testng.TestNG.run(TestNG.java:1031)
	at org.apache.maven.surefire.testng.TestNGExecutor.run(TestNGExecutor.java:77)
	at org.apache.maven.surefire.testng.TestNGDirectoryTestSuite.executeMulti(TestNGDirectoryTestSuite.java:159)
	at org.apache.maven.surefire.testng.TestNGDirectoryTestSuite.execute(TestNGDirectoryTestSuite.java:99)
	at org.apache.maven.surefire.testng.TestNGProvider.invoke(TestNGProvider.java:106)
	at java.base/jdk.internal.reflect.NativeMethodAccessorImpl.invoke0(Native Method)
	at java.base/jdk.internal.reflect.NativeMethodAccessorImpl.invoke(NativeMethodAccessorImpl.java:64)
	at java.base/jdk.internal.reflect.DelegatingMethodAccessorImpl.invoke(DelegatingMethodAccessorImpl.java:43)
	at java.base/java.lang.reflect.Method.invoke(Method.java:564)
	at org.apache.maven.surefire.util.ReflectionUtils.invokeMethodWithArray(ReflectionUtils.java:189)
	at org.apache.maven.surefire.booter.ProviderFactory$ProviderProxy.invoke(ProviderFactory.java:165)
	at org.apache.maven.surefire.booter.ProviderFactory.invokeProvider(ProviderFactory.java:85)
	at org.apache.maven.surefire.booter.ForkedBooter.runSuitesInProcess(ForkedBooter.java:115)
	at org.apache.maven.surefire.booter.ForkedBooter.main(ForkedBooter.java:75)
</pre></div></td>
<td>0</td>
<td>Framework.E2ETesting.WorkingTest@70e38ce1</td></tr>
<tr>
<td title='Framework.E2ETesting.WorkingTest.dealChocolate()'><b>dealChocolate</b><br>Test class: Framework.E2ETesting.WorkingTest</td>
<td><div><pre>java.lang.AssertionError: expected [true] but found [false]
	at Framework.E2ETesting.WorkingTest.dealChocolate(WorkingTest.java:83)
	at java.base/java.util.ArrayList.forEach(ArrayList.java:1511)
... Removed 41 stack frames</pre></div><a href='#' onClick='toggleBox("stack-trace1901700557", this, "Click to show all stack frames", "Click to hide stack frames")'>Click to show all stack frames</a>
<div class='stack-trace' id='stack-trace1901700557'><pre>java.lang.AssertionError: expected [true] but found [false]
	at org.testng.Assert.fail(Assert.java:99)
	at org.testng.Assert.failNotEquals(Assert.java:1037)
	at org.testng.Assert.assertTrue(Assert.java:45)
	at org.testng.Assert.assertTrue(Assert.java:55)
	at Framework.E2ETesting.WorkingTest.dealChocolate(WorkingTest.java:83)
	at java.base/jdk.internal.reflect.NativeMethodAccessorImpl.invoke0(Native Method)
	at java.base/jdk.internal.reflect.NativeMethodAccessorImpl.invoke(NativeMethodAccessorImpl.java:64)
	at java.base/jdk.internal.reflect.DelegatingMethodAccessorImpl.invoke(DelegatingMethodAccessorImpl.java:43)
	at java.base/java.lang.reflect.Method.invoke(Method.java:564)
	at org.testng.internal.MethodInvocationHelper.invokeMethod(MethodInvocationHelper.java:133)
	at org.testng.internal.TestInvoker.invokeMethod(TestInvoker.java:598)
	at org.testng.internal.TestInvoker.invokeTestMethod(TestInvoker.java:173)
	at org.testng.internal.MethodRunner.runInSequence(MethodRunner.java:46)
	at org.testng.internal.TestInvoker$MethodInvocationAgent.invoke(TestInvoker.java:824)
	at org.testng.internal.TestInvoker.invokeTestMethods(TestInvoker.java:146)
	at org.testng.internal.TestMethodWorker.invokeTestMethods(TestMethodWorker.java:146)
	at org.testng.internal.TestMethodWorker.run(TestMethodWorker.java:128)
	at java.base/java.util.ArrayList.forEach(ArrayList.java:1511)
	at org.testng.TestRunner.privateRun(TestRunner.java:794)
	at org.testng.TestRunner.run(TestRunner.java:596)
	at org.testng.SuiteRunner.runTest(SuiteRunner.java:377)
	at org.testng.SuiteRunner.runSequentially(SuiteRunner.java:371)
	at org.testng.SuiteRunner.privateRun(SuiteRunner.java:332)
	at org.testng.SuiteRunner.run(SuiteRunner.java:276)
	at org.testng.SuiteRunnerWorker.runSuite(SuiteRunnerWorker.java:53)
	at org.testng.SuiteRunnerWorker.run(SuiteRunnerWorker.java:96)
	at org.testng.TestNG.runSuitesSequentially(TestNG.java:1212)
	at org.testng.TestNG.runSuitesLocally(TestNG.java:1134)
	at org.testng.TestNG.runSuites(TestNG.java:1063)
	at org.testng.TestNG.run(TestNG.java:1031)
	at org.apache.maven.surefire.testng.TestNGExecutor.run(TestNGExecutor.java:77)
	at org.apache.maven.surefire.testng.TestNGDirectoryTestSuite.executeMulti(TestNGDirectoryTestSuite.java:159)
	at org.apache.maven.surefire.testng.TestNGDirectoryTestSuite.execute(TestNGDirectoryTestSuite.java:99)
	at org.apache.maven.surefire.testng.TestNGProvider.invoke(TestNGProvider.java:106)
	at java.base/jdk.internal.reflect.NativeMethodAccessorImpl.invoke0(Native Method)
	at java.base/jdk.internal.reflect.NativeMethodAccessorImpl.invoke(NativeMethodAccessorImpl.java:64)
	at java.base/jdk.internal.reflect.DelegatingMethodAccessorImpl.invoke(DelegatingMethodAccessorImpl.java:43)
	at java.base/java.lang.reflect.Method.invoke(Method.java:564)
	at org.apache.maven.surefire.util.ReflectionUtils.invokeMethodWithArray(ReflectionUtils.java:189)
	at org.apache.maven.surefire.booter.ProviderFactory$ProviderProxy.invoke(ProviderFactory.java:165)
	at org.apache.maven.surefire.booter.ProviderFactory.invokeProvider(ProviderFactory.java:85)
	at org.apache.maven.surefire.booter.ForkedBooter.runSuitesInProcess(ForkedBooter.java:115)
	at org.apache.maven.surefire.booter.ForkedBooter.main(ForkedBooter.java:75)
</pre></div></td>
<td>2</td>
<td>Framework.E2ETesting.WorkingTest@70e38ce1</td></tr>
</table><p>
<table width='100%' border='1' class='invocation-passed'>
<tr><td colspan='4' align='center'><b>PASSED TESTS</b></td></tr>
<tr><td><b>Test method</b></td>
<td width="30%"><b>Exception</b></td>
<td width="10%"><b>Time (seconds)</b></td>
<td><b>Instance</b></td>
</tr>
<tr>
<td title='Framework.E2ETesting.DummyTest.m6()'><b>m6</b><br>Test class: Framework.E2ETesting.DummyTest</td>
<td></td>
<td>0</td>
<td>Framework.E2ETesting.DummyTest@4808bc9b</td></tr>
<tr>
<td title='Framework.E2ETesting.DummyTest.m5()'><b>m5</b><br>Test class: Framework.E2ETesting.DummyTest</td>
<td></td>
<td>0</td>
<td>Framework.E2ETesting.DummyTest@4808bc9b</td></tr>
<tr>
<td title='Framework.E2ETesting.CheckTest.c1()'><b>c1</b><br>Test class: Framework.E2ETesting.CheckTest</td>
<td></td>
<td>0</td>
<td>Framework.E2ETesting.CheckTest@1cf56a1c</td></tr>
<tr>
<td title='PackageB.ValidateTest.vt1()'><b>vt1</b><br>Test class: PackageB.ValidateTest</td>
<td></td>
<td>0</td>
<td>PackageB.ValidateTest@2ca923bb</td></tr>
<tr>
<td title='Framework.E2ETesting.DummyTest.m4()'><b>m4</b><br>Test class: Framework.E2ETesting.DummyTest</td>
<td></td>
<td>0</td>
<td>Framework.E2ETesting.DummyTest@4808bc9b</td></tr>
<tr>
<td title='Framework.E2ETesting.DummyTest.m7()'><b>m7</b><br>Test class: Framework.E2ETesting.DummyTest</td>
<td></td>
<td>0</td>
<td>Framework.E2ETesting.DummyTest@4808bc9b</td></tr>
<tr>
<td title='PackageB.ValidateTest.vt3()'><b>vt3</b><br>Test class: PackageB.ValidateTest</td>
<td></td>
<td>0</td>
<td>PackageB.ValidateTest@2ca923bb</td></tr>
<tr>
<td title='PackageB.ValidateTest.vt2()'><b>vt2</b><br>Test class: PackageB.ValidateTest</td>
<td></td>
<td>0</td>
<td>PackageB.ValidateTest@2ca923bb</td></tr>
<tr>
<td title='Framework.E2ETesting.DummyTest.m2()'><b>m2</b><br>Test class: Framework.E2ETesting.DummyTest</td>
<td></td>
<td>0</td>
<td>Framework.E2ETesting.DummyTest@4808bc9b</td></tr>
<tr>
<td title='Framework.E2ETesting.DummyTest.m1()'><b>m1</b><br>Test class: Framework.E2ETesting.DummyTest</td>
<td></td>
<td>0</td>
<td>Framework.E2ETesting.DummyTest@4808bc9b</td></tr>
<tr>
<td title='Framework.E2ETesting.WorkingTest.callBrowser()'><b>callBrowser</b><br>Test class: Framework.E2ETesting.WorkingTest</td>
<td></td>
<td>7</td>
<td>Framework.E2ETesting.WorkingTest@70e38ce1</td></tr>
<tr>
<td title='Framework.E2ETesting.DummyTest.m3()'><b>m3</b><br>Test class: Framework.E2ETesting.DummyTest</td>
<td></td>
<td>0</td>
<td>Framework.E2ETesting.DummyTest@4808bc9b</td></tr>
<tr>
<td title='Framework.E2ETesting.CheckTest.c2()'><b>c2</b><br>Test class: Framework.E2ETesting.CheckTest</td>
<td></td>
<td>0</td>
<td>Framework.E2ETesting.CheckTest@1cf56a1c</td></tr>
<tr>
<td title='Framework.E2ETesting.CheckTest.c3()'><b>c3</b><br>Test class: Framework.E2ETesting.CheckTest</td>
<td></td>
<td>0</td>
<td>Framework.E2ETesting.CheckTest@1cf56a1c</td></tr>
</table><p>
</body>
</html>