<?xml version="1.0" encoding="UTF-8"?>
<testng-results ignored="0" total="10" passed="8" failed="2" skipped="0">
  <reporter-output>
  </reporter-output>
  <suite started-at="2021-04-17T23:22:23 IST" name="Command line suite" finished-at="2021-04-17T23:22:59 IST" duration-ms="36112">
    <groups>
      <group name="side">
        <method signature="CheckTest.c2()[pri:0, instance:Framework.E2ETesting.CheckTest@442675e1]" name="c2" class="Framework.E2ETesting.CheckTest"/>
        <method signature="CheckTest.c3()[pri:0, instance:Framework.E2ETesting.CheckTest@442675e1]" name="c3" class="Framework.E2ETesting.CheckTest"/>
        <method signature="DummyTest.m2()[pri:0, instance:Framework.E2ETesting.DummyTest@38364841]" name="m2" class="Framework.E2ETesting.DummyTest"/>
        <method signature="DummyTest.m3()[pri:0, instance:Framework.E2ETesting.DummyTest@38364841]" name="m3" class="Framework.E2ETesting.DummyTest"/>
        <method signature="DummyTest.m4()[pri:0, instance:Framework.E2ETesting.DummyTest@38364841]" name="m4" class="Framework.E2ETesting.DummyTest"/>
      </group> <!-- side -->
      <group name="main">
        <method signature="CheckTest.c1()[pri:0, instance:Framework.E2ETesting.CheckTest@442675e1]" name="c1" class="Framework.E2ETesting.CheckTest"/>
        <method signature="DummyTest.m1()[pri:0, instance:Framework.E2ETesting.DummyTest@38364841]" name="m1" class="Framework.E2ETesting.DummyTest"/>
        <method signature="WorkingTest.callBrowser()[pri:1, instance:Framework.E2ETesting.WorkingTest@146044d7]" name="callBrowser" class="Framework.E2ETesting.WorkingTest"/>
        <method signature="WorkingTest.dealChocolate()[pri:3, instance:Framework.E2ETesting.WorkingTest@146044d7]" name="dealChocolate" class="Framework.E2ETesting.WorkingTest"/>
        <method signature="WorkingTest.signIN(java.lang.String,java.lang.String)[pri:2, instance:Framework.E2ETesting.WorkingTest@146044d7]" name="signIN" class="Framework.E2ETesting.WorkingTest"/>
      </group> <!-- main -->
    </groups>
    <test started-at="2021-04-17T23:22:23 IST" name="Command line test" finished-at="2021-04-17T23:22:59 IST" duration-ms="36112">
      <class name="Framework.E2ETesting.CheckTest">
        <test-method signature="c1()[pri:0, instance:Framework.E2ETesting.CheckTest@442675e1]" started-at="2021-04-17T23:22:23 IST" name="c1" finished-at="2021-04-17T23:22:23 IST" duration-ms="11" status="PASS">
          <reporter-output>
          </reporter-output>
        </test-method> <!-- c1 -->
        <test-method signature="c2()[pri:0, instance:Framework.E2ETesting.CheckTest@442675e1]" started-at="2021-04-17T23:22:23 IST" name="c2" finished-at="2021-04-17T23:22:23 IST" duration-ms="0" status="PASS">
          <reporter-output>
          </reporter-output>
        </test-method> <!-- c2 -->
        <test-method signature="c3()[pri:0, instance:Framework.E2ETesting.CheckTest@442675e1]" started-at="2021-04-17T23:22:23 IST" name="c3" finished-at="2021-04-17T23:22:23 IST" duration-ms="1" status="PASS">
          <reporter-output>
          </reporter-output>
        </test-method> <!-- c3 -->
      </class> <!-- Framework.E2ETesting.CheckTest -->
      <class name="Framework.E2ETesting.DummyTest">
        <test-method signature="m1()[pri:0, instance:Framework.E2ETesting.DummyTest@38364841]" started-at="2021-04-17T23:22:23 IST" name="m1" finished-at="2021-04-17T23:22:23 IST" duration-ms="0" status="PASS">
          <reporter-output>
          </reporter-output>
        </test-method> <!-- m1 -->
        <test-method signature="m2()[pri:0, instance:Framework.E2ETesting.DummyTest@38364841]" started-at="2021-04-17T23:22:23 IST" name="m2" finished-at="2021-04-17T23:22:23 IST" duration-ms="2" status="PASS">
          <reporter-output>
          </reporter-output>
        </test-method> <!-- m2 -->
        <test-method signature="m3()[pri:0, instance:Framework.E2ETesting.DummyTest@38364841]" started-at="2021-04-17T23:22:23 IST" name="m3" finished-at="2021-04-17T23:22:23 IST" duration-ms="0" status="PASS">
          <reporter-output>
          </reporter-output>
        </test-method> <!-- m3 -->
        <test-method signature="m4()[pri:0, instance:Framework.E2ETesting.DummyTest@38364841]" started-at="2021-04-17T23:22:23 IST" name="m4" finished-at="2021-04-17T23:22:23 IST" duration-ms="0" status="PASS">
          <reporter-output>
          </reporter-output>
        </test-method> <!-- m4 -->
      </class> <!-- Framework.E2ETesting.DummyTest -->
      <class name="Framework.E2ETesting.WorkingTest">
        <test-method signature="callBrowser()[pri:1, instance:Framework.E2ETesting.WorkingTest@146044d7]" started-at="2021-04-17T23:22:23 IST" name="callBrowser" finished-at="2021-04-17T23:22:52 IST" duration-ms="28890" status="PASS">
          <reporter-output>
          </reporter-output>
        </test-method> <!-- callBrowser -->
        <test-method signature="signIN(java.lang.String,java.lang.String)[pri:2, instance:Framework.E2ETesting.WorkingTest@146044d7]" started-at="2021-04-17T23:22:52 IST" name="signIN" finished-at="2021-04-17T23:22:52 IST" duration-ms="0" status="FAIL">
          <exception class="org.testng.TestNGException">
            <message>
              <![CDATA[
Parameter 'useremail' is required by @Test on method signIN but has not been marked @Optional or defined
]]>
            </message>
            <full-stacktrace>
              <![CDATA[org.testng.TestNGException: 
Parameter 'useremail' is required by @Test on method signIN but has not been marked @Optional or defined

at org.testng.internal.Parameters.createParams(Parameters.java:270)
at org.testng.internal.Parameters.createParametersForMethod(Parameters.java:358)
at org.testng.internal.Parameters.createParameters(Parameters.java:700)
at org.testng.internal.Parameters.handleParameters(Parameters.java:884)
at org.testng.internal.Parameters.handleParameters(Parameters.java:740)
at org.testng.internal.ParameterHandler.handleParameters(ParameterHandler.java:59)
at org.testng.internal.ParameterHandler.createParameters(ParameterHandler.java:38)
at org.testng.internal.TestInvoker$MethodInvocationAgent.invoke(TestInvoker.java:791)
at org.testng.internal.TestInvoker.invokeTestMethods(TestInvoker.java:146)
at org.testng.internal.TestMethodWorker.invokeTestMethods(TestMethodWorker.java:146)
at org.testng.internal.TestMethodWorker.run(TestMethodWorker.java:128)
at java.base/java.util.ArrayList.forEach(ArrayList.java:1511)
at org.testng.TestRunner.privateRun(TestRunner.java:794)
at org.testng.TestRunner.run(TestRunner.java:596)
at org.testng.SuiteRunner.runTest(SuiteRunner.java:377)
at org.testng.SuiteRunner.runSequentially(SuiteRunner.java:371)
at org.testng.SuiteRunner.privateRun(SuiteRunner.java:332)
at org.testng.SuiteRunner.run(SuiteRunner.java:276)
at org.testng.SuiteRunnerWorker.runSuite(SuiteRunnerWorker.java:53)
at org.testng.SuiteRunnerWorker.run(SuiteRunnerWorker.java:96)
at org.testng.TestNG.runSuitesSequentially(TestNG.java:1212)
at org.testng.TestNG.runSuitesLocally(TestNG.java:1134)
at org.testng.TestNG.runSuites(TestNG.java:1063)
at org.testng.TestNG.run(TestNG.java:1031)
at org.apache.maven.surefire.testng.TestNGExecutor.run(TestNGExecutor.java:77)
at org.apache.maven.surefire.testng.TestNGDirectoryTestSuite.executeMulti(TestNGDirectoryTestSuite.java:159)
at org.apache.maven.surefire.testng.TestNGDirectoryTestSuite.execute(TestNGDirectoryTestSuite.java:99)
at org.apache.maven.surefire.testng.TestNGProvider.invoke(TestNGProvider.java:106)
at java.base/jdk.internal.reflect.NativeMethodAccessorImpl.invoke0(Native Method)
at java.base/jdk.internal.reflect.NativeMethodAccessorImpl.invoke(NativeMethodAccessorImpl.java:64)
at java.base/jdk.internal.reflect.DelegatingMethodAccessorImpl.invoke(DelegatingMethodAccessorImpl.java:43)
at java.base/java.lang.reflect.Method.invoke(Method.java:564)
at org.apache.maven.surefire.util.ReflectionUtils.invokeMethodWithArray(ReflectionUtils.java:189)
at org.apache.maven.surefire.booter.ProviderFactory$ProviderProxy.invoke(ProviderFactory.java:165)
at org.apache.maven.surefire.booter.ProviderFactory.invokeProvider(ProviderFactory.java:85)
at org.apache.maven.surefire.booter.ForkedBooter.runSuitesInProcess(ForkedBooter.java:115)
at org.apache.maven.surefire.booter.ForkedBooter.main(ForkedBooter.java:75)
]]>
            </full-stacktrace>
          </exception> <!-- org.testng.TestNGException -->
          <reporter-output>
          </reporter-output>
        </test-method> <!-- signIN -->
        <test-method signature="dealChocolate()[pri:3, instance:Framework.E2ETesting.WorkingTest@146044d7]" started-at="2021-04-17T23:22:52 IST" name="dealChocolate" finished-at="2021-04-17T23:22:59 IST" duration-ms="7123" status="FAIL">
          <exception class="java.lang.AssertionError">
            <message>
              <![CDATA[expected [true] but found [false]]]>
            </message>
            <full-stacktrace>
              <![CDATA[java.lang.AssertionError: expected [true] but found [false]
at org.testng.Assert.fail(Assert.java:99)
at org.testng.Assert.failNotEquals(Assert.java:1037)
at org.testng.Assert.assertTrue(Assert.java:45)
at org.testng.Assert.assertTrue(Assert.java:55)
at Framework.E2ETesting.WorkingTest.dealChocolate(WorkingTest.java:92)
at java.base/jdk.internal.reflect.NativeMethodAccessorImpl.invoke0(Native Method)
at java.base/jdk.internal.reflect.NativeMethodAccessorImpl.invoke(NativeMethodAccessorImpl.java:64)
at java.base/jdk.internal.reflect.DelegatingMethodAccessorImpl.invoke(DelegatingMethodAccessorImpl.java:43)
at java.base/java.lang.reflect.Method.invoke(Method.java:564)
at org.testng.internal.MethodInvocationHelper.invokeMethod(MethodInvocationHelper.java:133)
at org.testng.internal.TestInvoker.invokeMethod(TestInvoker.java:598)
at org.testng.internal.TestInvoker.invokeTestMethod(TestInvoker.java:173)
at org.testng.internal.MethodRunner.runInSequence(MethodRunner.java:46)
at org.testng.internal.TestInvoker$MethodInvocationAgent.invoke(TestInvoker.java:824)
at org.testng.internal.TestInvoker.invokeTestMethods(TestInvoker.java:146)
at org.testng.internal.TestMethodWorker.invokeTestMethods(TestMethodWorker.java:146)
at org.testng.internal.TestMethodWorker.run(TestMethodWorker.java:128)
at java.base/java.util.ArrayList.forEach(ArrayList.java:1511)
at org.testng.TestRunner.privateRun(TestRunner.java:794)
at org.testng.TestRunner.run(TestRunner.java:596)
at org.testng.SuiteRunner.runTest(SuiteRunner.java:377)
at org.testng.SuiteRunner.runSequentially(SuiteRunner.java:371)
at org.testng.SuiteRunner.privateRun(SuiteRunner.java:332)
at org.testng.SuiteRunner.run(SuiteRunner.java:276)
at org.testng.SuiteRunnerWorker.runSuite(SuiteRunnerWorker.java:53)
at org.testng.SuiteRunnerWorker.run(SuiteRunnerWorker.java:96)
at org.testng.TestNG.runSuitesSequentially(TestNG.java:1212)
at org.testng.TestNG.runSuitesLocally(TestNG.java:1134)
at org.testng.TestNG.runSuites(TestNG.java:1063)
at org.testng.TestNG.run(TestNG.java:1031)
at org.apache.maven.surefire.testng.TestNGExecutor.run(TestNGExecutor.java:77)
at org.apache.maven.surefire.testng.TestNGDirectoryTestSuite.executeMulti(TestNGDirectoryTestSuite.java:159)
at org.apache.maven.surefire.testng.TestNGDirectoryTestSuite.execute(TestNGDirectoryTestSuite.java:99)
at org.apache.maven.surefire.testng.TestNGProvider.invoke(TestNGProvider.java:106)
at java.base/jdk.internal.reflect.NativeMethodAccessorImpl.invoke0(Native Method)
at java.base/jdk.internal.reflect.NativeMethodAccessorImpl.invoke(NativeMethodAccessorImpl.java:64)
at java.base/jdk.internal.reflect.DelegatingMethodAccessorImpl.invoke(DelegatingMethodAccessorImpl.java:43)
at java.base/java.lang.reflect.Method.invoke(Method.java:564)
at org.apache.maven.surefire.util.ReflectionUtils.invokeMethodWithArray(ReflectionUtils.java:189)
at org.apache.maven.surefire.booter.ProviderFactory$ProviderProxy.invoke(ProviderFactory.java:165)
at org.apache.maven.surefire.booter.ProviderFactory.invokeProvider(ProviderFactory.java:85)
at org.apache.maven.surefire.booter.ForkedBooter.runSuitesInProcess(ForkedBooter.java:115)
at org.apache.maven.surefire.booter.ForkedBooter.main(ForkedBooter.java:75)
]]>
            </full-stacktrace>
          </exception> <!-- java.lang.AssertionError -->
          <reporter-output>
          </reporter-output>
        </test-method> <!-- dealChocolate -->
      </class> <!-- Framework.E2ETesting.WorkingTest -->
    </test> <!-- Command line test -->
  </suite> <!-- Command line suite -->
</testng-results>
