<?xml version="1.0" encoding="UTF-8"?>
<testng-results ignored="0" total="7" passed="6" failed="1" skipped="0">
  <reporter-output>
  </reporter-output>
  <suite started-at="2021-04-17T23:25:00 IST" name="Suite1" finished-at="2021-04-17T23:25:20 IST" duration-ms="20258">
    <groups>
      <group name="side">
        <method signature="DummyTest.m2()[pri:0, instance:Framework.E2ETesting.DummyTest@52719fb6]" name="m2" class="Framework.E2ETesting.DummyTest"/>
        <method signature="DummyTest.m3()[pri:0, instance:Framework.E2ETesting.DummyTest@52719fb6]" name="m3" class="Framework.E2ETesting.DummyTest"/>
        <method signature="DummyTest.m4()[pri:0, instance:Framework.E2ETesting.DummyTest@52719fb6]" name="m4" class="Framework.E2ETesting.DummyTest"/>
      </group> <!-- side -->
      <group name="main">
        <method signature="WorkingTest.callBrowser()[pri:1, instance:Framework.E2ETesting.WorkingTest@1af2d44a]" name="callBrowser" class="Framework.E2ETesting.WorkingTest"/>
        <method signature="WorkingTest.dealChocolate()[pri:3, instance:Framework.E2ETesting.WorkingTest@1af2d44a]" name="dealChocolate" class="Framework.E2ETesting.WorkingTest"/>
        <method signature="WorkingTest.signIN(java.lang.String,java.lang.String)[pri:2, instance:Framework.E2ETesting.WorkingTest@1af2d44a]" name="signIN" class="Framework.E2ETesting.WorkingTest"/>
        <method signature="DummyTest.m1()[pri:0, instance:Framework.E2ETesting.DummyTest@52719fb6]" name="m1" class="Framework.E2ETesting.DummyTest"/>
      </group> <!-- main -->
    </groups>
    <test started-at="2021-04-17T23:25:00 IST" name="Test1" finished-at="2021-04-17T23:25:20 IST" duration-ms="19867">
      <class name="Framework.E2ETesting.WorkingTest">
        <test-method signature="callBrowser()[pri:1, instance:Framework.E2ETesting.WorkingTest@1af2d44a]" started-at="2021-04-17T23:25:00 IST" name="callBrowser" finished-at="2021-04-17T23:25:11 IST" duration-ms="11016" status="PASS">
          <reporter-output>
          </reporter-output>
        </test-method> <!-- callBrowser -->
        <test-method signature="signIN(java.lang.String,java.lang.String)[pri:2, instance:Framework.E2ETesting.WorkingTest@1af2d44a]" started-at="2021-04-17T23:25:11 IST" name="signIN" finished-at="2021-04-17T23:25:16 IST" duration-ms="5482" status="PASS">
          <params>
            <param index="0">
              <value>
                <![CDATA[8939756308]]>
              </value>
            </param>
            <param index="1">
              <value>
                <![CDATA[8939756308]]>
              </value>
            </param>
          </params>
          <reporter-output>
          </reporter-output>
        </test-method> <!-- signIN -->
        <test-method signature="dealChocolate()[pri:3, instance:Framework.E2ETesting.WorkingTest@1af2d44a]" started-at="2021-04-17T23:25:16 IST" name="dealChocolate" finished-at="2021-04-17T23:25:20 IST" duration-ms="3278" status="FAIL">
          <exception class="java.lang.AssertionError">
            <message>
              <![CDATA[expected [true] but found [false]]]>
            </message>
            <full-stacktrace>
              <![CDATA[java.lang.AssertionError: expected [true] but found [false]
at org.testng.Assert.fail(Assert.java:99)
at org.testng.Assert.failNotEquals(Assert.java:1037)
at org.testng.Assert.assertTrue(Assert.java:45)
at org.testng.Assert.assertTrue(Assert.java:55)
at Framework.E2ETesting.WorkingTest.dealChocolate(WorkingTest.java:92)
at java.base/jdk.internal.reflect.NativeMethodAccessorImpl.invoke0(Native Method)
at java.base/jdk.internal.reflect.NativeMethodAccessorImpl.invoke(NativeMethodAccessorImpl.java:64)
at java.base/jdk.internal.reflect.DelegatingMethodAccessorImpl.invoke(DelegatingMethodAccessorImpl.java:43)
at java.base/java.lang.reflect.Method.invoke(Method.java:564)
at org.testng.internal.MethodInvocationHelper.invokeMethod(MethodInvocationHelper.java:133)
at org.testng.internal.TestInvoker.invokeMethod(TestInvoker.java:598)
at org.testng.internal.TestInvoker.invokeTestMethod(TestInvoker.java:173)
at org.testng.internal.MethodRunner.runInSequence(MethodRunner.java:46)
at org.testng.internal.TestInvoker$MethodInvocationAgent.invoke(TestInvoker.java:824)
at org.testng.internal.TestInvoker.invokeTestMethods(TestInvoker.java:146)
at org.testng.internal.TestMethodWorker.invokeTestMethods(TestMethodWorker.java:146)
at org.testng.internal.TestMethodWorker.run(TestMethodWorker.java:128)
at java.base/java.util.ArrayList.forEach(ArrayList.java:1511)
at org.testng.TestRunner.privateRun(TestRunner.java:794)
at org.testng.TestRunner.run(TestRunner.java:596)
at org.testng.SuiteRunner.runTest(SuiteRunner.java:377)
at org.testng.SuiteRunner.runSequentially(SuiteRunner.java:371)
at org.testng.SuiteRunner.privateRun(SuiteRunner.java:332)
at org.testng.SuiteRunner.run(SuiteRunner.java:276)
at org.testng.SuiteRunnerWorker.runSuite(SuiteRunnerWorker.java:53)
at org.testng.SuiteRunnerWorker.run(SuiteRunnerWorker.java:96)
at org.testng.TestNG.runSuitesSequentially(TestNG.java:1212)
at org.testng.TestNG.runSuitesLocally(TestNG.java:1134)
at org.testng.TestNG.runSuites(TestNG.java:1063)
at org.testng.TestNG.run(TestNG.java:1031)
at org.testng.remote.AbstractRemoteTestNG.run(AbstractRemoteTestNG.java:115)
at org.testng.remote.RemoteTestNG.initAndRun(RemoteTestNG.java:251)
at org.testng.remote.RemoteTestNG.main(RemoteTestNG.java:77)
]]>
            </full-stacktrace>
          </exception> <!-- java.lang.AssertionError -->
          <reporter-output>
          </reporter-output>
        </test-method> <!-- dealChocolate -->
      </class> <!-- Framework.E2ETesting.WorkingTest -->
    </test> <!-- Test1 -->
    <test started-at="2021-04-17T23:25:20 IST" name="Test2" finished-at="2021-04-17T23:25:20 IST" duration-ms="21">
      <class name="Framework.E2ETesting.DummyTest">
        <test-method signature="m1()[pri:0, instance:Framework.E2ETesting.DummyTest@52719fb6]" started-at="2021-04-17T23:25:20 IST" name="m1" finished-at="2021-04-17T23:25:20 IST" duration-ms="1" status="PASS">
          <reporter-output>
          </reporter-output>
        </test-method> <!-- m1 -->
        <test-method signature="m2()[pri:0, instance:Framework.E2ETesting.DummyTest@52719fb6]" started-at="2021-04-17T23:25:20 IST" name="m2" finished-at="2021-04-17T23:25:20 IST" duration-ms="3" status="PASS">
          <reporter-output>
          </reporter-output>
        </test-method> <!-- m2 -->
        <test-method signature="m3()[pri:0, instance:Framework.E2ETesting.DummyTest@52719fb6]" started-at="2021-04-17T23:25:20 IST" name="m3" finished-at="2021-04-17T23:25:20 IST" duration-ms="1" status="PASS">
          <reporter-output>
          </reporter-output>
        </test-method> <!-- m3 -->
        <test-method signature="m4()[pri:0, instance:Framework.E2ETesting.DummyTest@52719fb6]" started-at="2021-04-17T23:25:20 IST" name="m4" finished-at="2021-04-17T23:25:20 IST" duration-ms="2" status="PASS">
          <reporter-output>
          </reporter-output>
        </test-method> <!-- m4 -->
      </class> <!-- Framework.E2ETesting.DummyTest -->
    </test> <!-- Test2 -->
  </suite> <!-- Suite1 -->
</testng-results>
